This is pdfTeXk, Version 3.1415926-1.40.9 (Web2C 7.5.7) (format=pdflatex 2010.6.14)  6 SEP 2010 16:16
entering extended mode
 %&-line parsing enabled.
**one.tex
(./one.tex
LaTeX2e <2005/12/01>
Babel <v3.8l> and hyphenation patterns for english, usenglishmax, dumylang, noh
yphenation, german-x-2008-06-18, ngerman-x-2008-06-18, ancientgreek, ibycus, ar
abic, basque, bulgarian, catalan, pinyin, coptic, croatian, czech, danish, dutc
h, esperanto, estonian, farsi, finnish, french, galician, german, ngerman, mono
greek, greek, hungarian, icelandic, indonesian, interlingua, irish, italian, la
tin, mongolian, mongolian2a, bokmal, nynorsk, polish, portuguese, romanian, rus
sian, sanskrit, serbian, slovak, slovenian, spanish, swedish, turkish, ukenglis
h, ukrainian, uppersorbian, welsh, loaded.

(/usr/local/Cellar/tex-live/20080816/share/texmf-dist/tex/latex/base/article.cl
s
Document Class: article 2005/09/16 v1.4f Standard LaTeX document class

(/usr/local/Cellar/tex-live/20080816/share/texmf-dist/tex/latex/base/size12.clo
File: size12.clo 2005/09/16 v1.4f Standard LaTeX file (size option)
)
\c@part=\count79
\c@section=\count80
\c@subsection=\count81
\c@subsubsection=\count82
\c@paragraph=\count83
\c@subparagraph=\count84
\c@figure=\count85
\c@table=\count86
\abovecaptionskip=\skip41
\belowcaptionskip=\skip42
\bibindent=\dimen102
)
(/usr/local/Cellar/tex-live/20080816/share/texmf-dist/tex/latex/graphics/graphi
cx.sty
Package: graphicx 1999/02/16 v1.0f Enhanced LaTeX Graphics (DPC,SPQR)

(/usr/local/Cellar/tex-live/20080816/share/texmf-dist/tex/latex/graphics/keyval
.sty
Package: keyval 1999/03/16 v1.13 key=value parser (DPC)
\KV@toks@=\toks14
)
(/usr/local/Cellar/tex-live/20080816/share/texmf-dist/tex/latex/graphics/graphi
cs.sty
Package: graphics 2006/02/20 v1.0o Standard LaTeX Graphics (DPC,SPQR)

(/usr/local/Cellar/tex-live/20080816/share/texmf-dist/tex/latex/graphics/trig.s
ty
Package: trig 1999/03/16 v1.09 sin cos tan (DPC)
)
(/usr/local/Cellar/tex-live/20080816/share/texmf/tex/latex/config/graphics.cfg
File: graphics.cfg 2007/01/18 v1.5 graphics configuration of teTeX/TeXLive
)
Package graphics Info: Driver file: pdftex.def on input line 90.

(/usr/local/Cellar/tex-live/20080816/share/texmf-dist/tex/latex/pdftex-def/pdft
ex.def
File: pdftex.def 2008/07/16 v0.04k Graphics/color for pdfTeX
\Gread@gobject=\count87
))
\Gin@req@height=\dimen103
\Gin@req@width=\dimen104
)
(/usr/local/Cellar/tex-live/20080816/share/texmf-dist/tex/latex/tools/verbatim.
sty
Package: verbatim 2003/08/22 v1.5q LaTeX2e package for verbatim enhancements
\every@verbatim=\toks15
\verbatim@line=\toks16
\verbatim@in@stream=\read1
)
(/usr/local/Cellar/tex-live/20080816/share/texmf-dist/tex/latex/amsmath/amsmath
.sty
Package: amsmath 2000/07/18 v2.13 AMS math features
\@mathmargin=\skip43

For additional information on amsmath, use the `?' option.

(/usr/local/Cellar/tex-live/20080816/share/texmf-dist/tex/latex/amsmath/amstext
.sty
Package: amstext 2000/06/29 v2.01

(/usr/local/Cellar/tex-live/20080816/share/texmf-dist/tex/latex/amsmath/amsgen.
sty
File: amsgen.sty 1999/11/30 v2.0
\@emptytoks=\toks17
\ex@=\dimen105
))
(/usr/local/Cellar/tex-live/20080816/share/texmf-dist/tex/latex/amsmath/amsbsy.
sty
Package: amsbsy 1999/11/29 v1.2d
\pmbraise@=\dimen106
)
(/usr/local/Cellar/tex-live/20080816/share/texmf-dist/tex/latex/amsmath/amsopn.
sty
Package: amsopn 1999/12/14 v2.01 operator names
)
\inf@bad=\count88
LaTeX Info: Redefining \frac on input line 211.
\uproot@=\count89
\leftroot@=\count90
LaTeX Info: Redefining \overline on input line 307.
\classnum@=\count91
\DOTSCASE@=\count92
LaTeX Info: Redefining \ldots on input line 379.
LaTeX Info: Redefining \dots on input line 382.
LaTeX Info: Redefining \cdots on input line 467.
\Mathstrutbox@=\box26
\strutbox@=\box27
\big@size=\dimen107
LaTeX Font Info:    Redeclaring font encoding OML on input line 567.
LaTeX Font Info:    Redeclaring font encoding OMS on input line 568.
\macc@depth=\count93
\c@MaxMatrixCols=\count94
\dotsspace@=\muskip10
\c@parentequation=\count95
\dspbrk@lvl=\count96
\tag@help=\toks18
\row@=\count97
\column@=\count98
\maxfields@=\count99
\andhelp@=\toks19
\eqnshift@=\dimen108
\alignsep@=\dimen109
\tagshift@=\dimen110
\tagwidth@=\dimen111
\totwidth@=\dimen112
\lineht@=\dimen113
\@envbody=\toks20
\multlinegap=\skip44
\multlinetaggap=\skip45
\mathdisplay@stack=\toks21
LaTeX Info: Redefining \[ on input line 2666.
LaTeX Info: Redefining \] on input line 2667.
) (./one.aux)
\openout1 = `one.aux'.

LaTeX Font Info:    Checking defaults for OML/cmm/m/it on input line 10.
LaTeX Font Info:    ... okay on input line 10.
LaTeX Font Info:    Checking defaults for T1/cmr/m/n on input line 10.
LaTeX Font Info:    ... okay on input line 10.
LaTeX Font Info:    Checking defaults for OT1/cmr/m/n on input line 10.
LaTeX Font Info:    ... okay on input line 10.
LaTeX Font Info:    Checking defaults for OMS/cmsy/m/n on input line 10.
LaTeX Font Info:    ... okay on input line 10.
LaTeX Font Info:    Checking defaults for OMX/cmex/m/n on input line 10.
LaTeX Font Info:    ... okay on input line 10.
LaTeX Font Info:    Checking defaults for U/cmr/m/n on input line 10.
LaTeX Font Info:    ... okay on input line 10.

(/usr/local/Cellar/tex-live/20080816/share/texmf-dist/tex/context/base/supp-pdf
.tex
[Loading MPS to PDF converter (version 2006.09.02).]
\scratchcounter=\count100
\scratchdimen=\dimen114
\scratchbox=\box28
\nofMPsegments=\count101
\nofMParguments=\count102
\everyMPshowfont=\toks22
\MPscratchCnt=\count103
\MPscratchDim=\dimen115
\MPnumerator=\count104
\everyMPtoPDFconversion=\toks23
)
Overfull \hbox (16.06116pt too wide) in paragraph at lines 48--49
[]\OT1/cmr/m/n/12 With the hon-or-able men-tion cer-tifi-cates, there are a to-
tal of $\OML/cmm/m/it/12 P\OT1/cmr/m/n/12 (20\OML/cmm/m/it/12 ; \OT1/cmr/m/n/12
 4) \OMS/cmsy/m/n/12 ^^B
 []

[1

{/usr/local/Cellar/tex-live/20080816/share/texmf/fonts/map/pdftex/updmap/pdftex
.map}] [2] (./one.aux) ) 
Here is how much of TeX's memory you used:
 1516 strings out of 493886
 19194 string characters out of 1144784
 74231 words of memory out of 3000000
 4821 multiletter control sequences out of 10000+50000
 7348 words of font info for 27 fonts, out of 3000000 for 5000
 714 hyphenation exceptions out of 8191
 27i,4n,20p,412b,254s stack positions out of 5000i,500n,10000p,200000b,50000s
</usr/local/Cellar/tex-live/20080816/share/texmf-dist/f
onts/type1/bluesky/cm/cmex10.pfb></usr/local/Cellar/tex-live/20080816/share/tex
mf-dist/fonts/type1/bluesky/cm/cmmi12.pfb></usr/local/Cellar/tex-live/20080816/
share/texmf-dist/fonts/type1/bluesky/cm/cmmi8.pfb></usr/local/Cellar/tex-live/2
0080816/share/texmf-dist/fonts/type1/bluesky/cm/cmr12.pfb></usr/local/Cellar/te
x-live/20080816/share/texmf-dist/fonts/type1/bluesky/cm/cmr8.pfb></usr/local/Ce
llar/tex-live/20080816/share/texmf-dist/fonts/type1/bluesky/cm/cmsy10.pfb>
Output written on one.pdf (2 pages, 28289 bytes).
PDF statistics:
 33 PDF objects out of 1000 (max. 8388607)
 0 named destinations out of 1000 (max. 131072)
 1 words of extra memory for PDF output out of 10000 (max. 10000000)

